0 info it worked if it ends with ok
1 verbose cli [ '/usr/bin/node', '/usr/bin/npm', 'install', '-', 'production' ]
2 info using npm@3.5.2
3 info using node@v8.10.0
4 silly loadCurrentTree Starting
5 silly install loadCurrentTree
6 silly install readLocalPackageData
7 silly fetchPackageMetaData -
8 silly fetchPackageMetaData production
9 silly fetchOtherPackageData -
10 silly cache add args [ '-', null ]
11 verbose cache add spec -
12 silly fetchNamedPackageData production
13 silly mapToRegistry name production
14 silly mapToRegistry using default registry
15 silly mapToRegistry registry https://registry.npmjs.org/
16 silly mapToRegistry uri https://registry.npmjs.org/production
17 silly cache add parsed spec Result {
17 silly cache add   raw: '-',
17 silly cache add   scope: null,
17 silly cache add   name: null,
17 silly cache add   rawSpec: '-',
17 silly cache add   spec: '/home/mint19/Documents/pi_cicd/-',
17 silly cache add   type: 'local' }
18 verbose request uri https://registry.npmjs.org/production
19 verbose request no auth needed
20 info attempt registry request try #1 at 10:35:39 AM
21 verbose request id 1af138b0b44f4c67
22 http request GET https://registry.npmjs.org/production
23 error addLocal Could not install /home/mint19/Documents/pi_cicd/-
24 silly fetchPackageMetaData Error: ENOENT: no such file or directory, open '/home/mint19/Documents/pi_cicd/-'
24 silly fetchPackageMetaData  error for - { Error: ENOENT: no such file or directory, open '/home/mint19/Documents/pi_cicd/-'
24 silly fetchPackageMetaData   errno: -2,
24 silly fetchPackageMetaData   code: 'ENOENT',
24 silly fetchPackageMetaData   syscall: 'open',
24 silly fetchPackageMetaData   path: '/home/mint19/Documents/pi_cicd/-' }
25 http 200 https://registry.npmjs.org/production
26 verbose headers { date: 'Fri, 10 May 2019 09:35:39 GMT',
26 verbose headers   'content-type': 'application/json; charset=UTF-8',
26 verbose headers   'transfer-encoding': 'chunked',
26 verbose headers   connection: 'keep-alive',
26 verbose headers   'set-cookie':
26 verbose headers    [ '__cfduid=d0e15cb1ddd947f7f0d30cded5ee9e9461557480939; expires=Sat, 09-May-20 09:35:39 GMT; path=/; domain=.registry.npmjs.org; HttpOnly' ],
26 verbose headers   'cf-cache-status': 'HIT',
26 verbose headers   'cache-control': 'max-age=300',
26 verbose headers   'cf-ray': '4d4aeca03e956258-LIS',
26 verbose headers   etag: 'W/"f682728fd4818453d3959b272858e79d"',
26 verbose headers   'expect-ct': 'max-age=604800, report-uri="https://report-uri.cloudflare.com/cdn-cgi/beacon/expect-ct"',
26 verbose headers   'last-modified': 'Sun, 27 May 2018 12:56:22 GMT',
26 verbose headers   vary: 'accept-encoding, accept',
26 verbose headers   server: 'cloudflare',
26 verbose headers   'content-encoding': 'gzip' }
27 silly get cb [ 200,
27 silly get   { date: 'Fri, 10 May 2019 09:35:39 GMT',
27 silly get     'content-type': 'application/json; charset=UTF-8',
27 silly get     'transfer-encoding': 'chunked',
27 silly get     connection: 'keep-alive',
27 silly get     'set-cookie':
27 silly get      [ '__cfduid=d0e15cb1ddd947f7f0d30cded5ee9e9461557480939; expires=Sat, 09-May-20 09:35:39 GMT; path=/; domain=.registry.npmjs.org; HttpOnly' ],
27 silly get     'cf-cache-status': 'HIT',
27 silly get     'cache-control': 'max-age=300',
27 silly get     'cf-ray': '4d4aeca03e956258-LIS',
27 silly get     etag: 'W/"f682728fd4818453d3959b272858e79d"',
27 silly get     'expect-ct': 'max-age=604800, report-uri="https://report-uri.cloudflare.com/cdn-cgi/beacon/expect-ct"',
27 silly get     'last-modified': 'Sun, 27 May 2018 12:56:22 GMT',
27 silly get     vary: 'accept-encoding, accept',
27 silly get     server: 'cloudflare',
27 silly get     'content-encoding': 'gzip' } ]
28 verbose get saving production to /home/mint19/.npm/registry.npmjs.org/production/.cache.json
29 silly rollbackFailedOptional Starting
30 silly rollbackFailedOptional Finishing
31 silly runTopLevelLifecycles Starting
32 silly runTopLevelLifecycles Finishing
33 silly install printInstalled
34 verbose stack Error: ENOENT: no such file or directory, open '/home/mint19/Documents/pi_cicd/-'
35 verbose cwd /home/mint19/Documents/pi_cicd
36 error Linux 4.15.0-20-generic
37 error argv "/usr/bin/node" "/usr/bin/npm" "install" "-" "production"
38 error node v8.10.0
39 error npm  v3.5.2
40 error path /home/mint19/Documents/pi_cicd/-
41 error code ENOENT
42 error errno -2
43 error syscall open
44 error enoent ENOENT: no such file or directory, open '/home/mint19/Documents/pi_cicd/-'
45 error enoent ENOENT: no such file or directory, open '/home/mint19/Documents/pi_cicd/-'
45 error enoent This is most likely not a problem with npm itself
45 error enoent and is related to npm not being able to find a file.
46 verbose exit [ -2, true ]
